<?xml version="1.0" encoding="UTF-8"?>
<!-- Generated by org.testng.reporters.JUnitReportReporter -->
<testsuite hostname="DESKTOP-C4MOHRM" failures="0" tests="1" name="demo.testcase" time="5.279" errors="0" timestamp="2024-12-03T10:22:46 IST" skipped="0">
  <testcase classname="demo.testcase" name="launch" time="5.279"/>
</testsuite> <!-- demo.testcase -->
